<?xml version="1.0" encoding="UTF-8"?>
<!-- Тестовые настройки приложения -->
<MyMegaSuperTestUltraClass>
	<FunnyJConfig>jConfig is funny!</FunnyJConfig>
	<SIMPLE_BYTE>127</SIMPLE_BYTE>
	<!-- Тестовый шорт -->
	<SIMPLE_SHORT>32767</SIMPLE_SHORT>
	<SimpleInt value="2147483647" />
	<SIMPLE_LONG>9223372036854775807</SIMPLE_LONG>
	<SIMPLE_FLOAT>1.23456794E9</SIMPLE_FLOAT>
	<SIMPLE_DOUBLE>1.2345678901234567E9</SIMPLE_DOUBLE>
	<!-- Настройки базы данных -->
	<DataBase>
		<SIMPLE_SHORT>32767</SIMPLE_SHORT>
		<SIMPLE_INT>2147483647</SIMPLE_INT>
		<SIMPLE_LONG>9223372036854775807</SIMPLE_LONG>
		<!-- Настройки соединения с сервером SQL. -->
		<ODBCConfig>
			<!-- Класс драйвера ODBC. -->
			<Driver>com.mysql.jdbc.Driver</Driver>
		</ODBCConfig>
	</DataBase>
</MyMegaSuperTestUltraClass>
